2013-06-11 16:00:53,074  [main] INFO  o.a.camel.impl.DefaultCamelContext - Apache Camel 2.11.0 (CamelContext: camel-1) is starting
2013-06-11 16:00:53,083  [main] INFO  o.a.c.m.ManagementStrategyFactory - JMX is disabled.
2013-06-11 16:00:53,239  [main] INFO  o.a.c.i.c.DefaultTypeConverter - Loaded 172 type converters
2013-06-11 16:00:53,412  [main] INFO  o.a.camel.impl.DefaultCamelContext - Route: route1 started and consuming from: Endpoint[file:///tmp/files?move=.done]
2013-06-11 16:00:53,412  [main] INFO  o.a.camel.impl.DefaultCamelContext - Total 1 routes, of which 1 is started.
2013-06-11 16:00:53,414  [main] INFO  o.a.camel.impl.DefaultCamelContext - Apache Camel 2.11.0 (CamelContext: camel-1) started in 0.347 seconds
2013-06-11 16:04:05,836  [main] INFO  o.a.camel.impl.DefaultCamelContext - Apache Camel 2.11.0 (CamelContext: camel-1) is starting
2013-06-11 16:04:05,843  [main] INFO  o.a.c.m.ManagementStrategyFactory - JMX is disabled.
2013-06-11 16:04:05,963  [main] INFO  o.a.c.i.c.DefaultTypeConverter - Loaded 172 type converters
2013-06-11 16:04:06,111  [main] INFO  o.a.camel.impl.DefaultCamelContext - Route: route1 started and consuming from: Endpoint[file:///tmp/files?move=.done]
2013-06-11 16:04:06,112  [main] INFO  o.a.camel.impl.DefaultCamelContext - Total 1 routes, of which 1 is started.
2013-06-11 16:04:06,114  [main] INFO  o.a.camel.impl.DefaultCamelContext - Apache Camel 2.11.0 (CamelContext: camel-1) started in 0.283 seconds
2013-06-11 17:22:04,425  [main] INFO  o.a.camel.impl.DefaultCamelContext - Apache Camel 2.11.0 (CamelContext: camel-1) is starting
2013-06-11 17:22:04,436  [main] INFO  o.a.c.m.ManagementStrategyFactory - JMX is disabled.
2013-06-11 17:22:04,561  [main] INFO  o.a.c.i.c.DefaultTypeConverter - Loaded 172 type converters
2013-06-11 17:22:04,771  [main] INFO  o.a.camel.impl.DefaultCamelContext - Route: route1 started and consuming from: Endpoint[file:///tmp/files?move=.done]
2013-06-11 17:22:04,772  [main] INFO  o.a.camel.impl.DefaultCamelContext - Total 1 routes, of which 1 is started.
2013-06-11 17:22:04,774  [main] INFO  o.a.camel.impl.DefaultCamelContext - Apache Camel 2.11.0 (CamelContext: camel-1) started in 0.357 seconds
2013-06-11 17:22:12,542  [main] INFO  o.a.camel.impl.DefaultCamelContext - Apache Camel 2.11.0 (CamelContext: camel-1) is starting
2013-06-11 17:22:12,548  [main] INFO  o.a.c.m.ManagementStrategyFactory - JMX is disabled.
2013-06-11 17:22:12,662  [main] INFO  o.a.c.i.c.DefaultTypeConverter - Loaded 172 type converters
2013-06-11 17:22:12,801  [main] INFO  o.a.camel.impl.DefaultCamelContext - Route: route1 started and consuming from: Endpoint[file:///tmp/files?move=.done]
2013-06-11 17:22:12,802  [main] INFO  o.a.camel.impl.DefaultCamelContext - Total 1 routes, of which 1 is started.
2013-06-11 17:22:12,804  [main] INFO  o.a.camel.impl.DefaultCamelContext - Apache Camel 2.11.0 (CamelContext: camel-1) started in 0.266 seconds
2013-06-11 17:23:10,426  [main] INFO  o.a.camel.impl.DefaultCamelContext - Apache Camel 2.11.0 (CamelContext: camel-1) is starting
2013-06-11 17:23:10,434  [main] INFO  o.a.c.m.ManagementStrategyFactory - JMX is disabled.
2013-06-11 17:23:10,584  [main] INFO  o.a.c.i.c.DefaultTypeConverter - Loaded 172 type converters
2013-06-11 17:23:10,778  [main] INFO  o.a.camel.impl.DefaultCamelContext - Route: route1 started and consuming from: Endpoint[file:///tmp/files?move=.done]
2013-06-11 17:23:10,779  [main] INFO  o.a.camel.impl.DefaultCamelContext - Total 1 routes, of which 1 is started.
2013-06-11 17:23:10,781  [main] INFO  o.a.camel.impl.DefaultCamelContext - Apache Camel 2.11.0 (CamelContext: camel-1) started in 0.365 seconds
